<?xml version="1.0" encoding="UTF-8"?>
<!-- Generated by org.testng.reporters.JUnitReportReporter -->
<testsuite hostname="DESKTOP-A1A23U3" failures="0" tests="1" name="com.mystore.TestCase.AddToCartPageTest" time="75.726" errors="0" timestamp="2022-09-13T13:12:38 IST" skipped="0">
  <testcase classname="com.mystore.TestCase.AddToCartPageTest" name="addToCartTest" time="75.726"/>
  <system-out/>
</testsuite> <!-- com.mystore.TestCase.AddToCartPageTest -->
