<?xml version="1.0" encoding="UTF-8"?>
<!-- Generated by org.testng.reporters.JUnitReportReporter -->
<testsuite hostname="DESKTOP-A1A23U3" failures="0" tests="1" name="com.mystore.TestCase.OrderPageTest" time="91.324" errors="0" timestamp="2022-09-13T12:22:43 IST" skipped="0">
  <testcase classname="com.mystore.TestCase.OrderPageTest" name="verifyTotalPrice" time="91.324"/>
  <system-out/>
</testsuite> <!-- com.mystore.TestCase.OrderPageTest -->
