<?xml version="1.0" encoding="UTF-8"?>
<!-- Generated by org.testng.reporters.JUnitReportReporter -->
<testsuite hostname="DESKTOP-A1A23U3" failures="0" tests="1" name="com.mystore.TestCase.EndToEndTest" time="167.065" errors="0" timestamp="2022-09-13T12:22:43 IST" skipped="0">
  <testcase classname="com.mystore.TestCase.EndToEndTest" name="endToEndTest" time="167.065"/>
  <system-out/>
</testsuite> <!-- com.mystore.TestCase.EndToEndTest -->
